<?xml version="1.0" encoding="UTF-8"?>
<!-- Generated by org.testng.reporters.JUnitXMLReporter -->
<testsuite ignored="0" hostname="lata-Precision-3581" failures="0" tests="1" name="Surefire test" time="20.702" errors="0" timestamp="2025-02-28T14:50:16 IST">
  <testcase classname="com.example.base.BaseTest" name="@BeforeClass setup" time="20.66">
    <failure type="org.openqa.selenium.SessionNotCreatedException" message="Could not start a new session. Response code 404. Message: The requested resource could not be found, or a request was received using an HTTP method that is not supported by the mapped resource 
Host info: host: &amp;apos;lata-Precision-3581&amp;apos;, ip: &amp;apos;127.0.1.1&amp;apos;
Build info: version: &amp;apos;4.29.0&amp;apos;, revision: &amp;apos;5fc1ec94cb&amp;apos;
System info: os.name: &amp;apos;Linux&amp;apos;, os.arch: &amp;apos;amd64&amp;apos;, os.version: &amp;apos;6.8.0-52-generic&amp;apos;, java.version: &amp;apos;17.0.14&amp;apos;
Driver info: org.openqa.selenium.remote.RemoteWebDriver
Command: [null, newSession {capabilities=[Capabilities {appium:app: ./resources/app/flutter.apk, appium:appActivity: com.digit.hcm.appActivity, appium:appPackage: com.digit.hcm.appPackage, appium:automationName: UiAutomator2, appium:deviceName: Pixel_Fold_API_35, appium:fullReset: true, appium:noReset: true, appium:platformVersion: 14.0, platformName: ANDROID}]}]
Capabilities {appium:app: ./resources/app/flutter.apk, appium:appActivity: com.digit.hcm.appActivity, appium:appPackage: com.digit.hcm.appPackage, appium:automationName: UiAutomator2, appium:deviceName: Pixel_Fold_API_35, appium:fullReset: true, appium:noReset: true, appium:platformVersion: 14.0, platformName: ANDROID}">
      <![CDATA[org.openqa.selenium.SessionNotCreatedException: Could not start a new session. Response code 404. Message: The requested resource could not be found, or a request was received using an HTTP method that is not supported by the mapped resource 
Host info: host: 'lata-Precision-3581', ip: '127.0.1.1'
Build info: version: '4.29.0', revision: '5fc1ec94cb'
System info: os.name: 'Linux', os.arch: 'amd64', os.version: '6.8.0-52-generic', java.version: '17.0.14'
Driver info: org.openqa.selenium.remote.RemoteWebDriver
Command: [null, newSession {capabilities=[Capabilities {appium:app: ./resources/app/flutter.apk, appium:appActivity: com.digit.hcm.appActivity, appium:appPackage: com.digit.hcm.appPackage, appium:automationName: UiAutomator2, appium:deviceName: Pixel_Fold_API_35, appium:fullReset: true, appium:noReset: true, appium:platformVersion: 14.0, platformName: ANDROID}]}]
Capabilities {appium:app: ./resources/app/flutter.apk, appium:appActivity: com.digit.hcm.appActivity, appium:appPackage: com.digit.hcm.appPackage, appium:automationName: UiAutomator2, appium:deviceName: Pixel_Fold_API_35, appium:fullReset: true, appium:noReset: true, appium:platformVersion: 14.0, platformName: ANDROID}
at org.openqa.selenium.remote.ProtocolHandshake.createSession(ProtocolHandshake.java:114)
at org.openqa.selenium.remote.ProtocolHandshake.createSession(ProtocolHandshake.java:75)
at org.openqa.selenium.remote.ProtocolHandshake.createSession(ProtocolHandshake.java:61)
at org.openqa.selenium.remote.HttpCommandExecutor.execute(HttpCommandExecutor.java:187)
at org.openqa.selenium.remote.TracedCommandExecutor.execute(TracedCommandExecutor.java:53)
at org.openqa.selenium.remote.RemoteWebDriver.execute(RemoteWebDriver.java:545)
at org.openqa.selenium.remote.RemoteWebDriver.startSession(RemoteWebDriver.java:245)
at org.openqa.selenium.remote.RemoteWebDriver.<init>(RemoteWebDriver.java:174)
at org.openqa.selenium.remote.RemoteWebDriver.<init>(RemoteWebDriver.java:152)
at com.example.base.BaseTest.setup(BaseTest.java:57)
at java.base/java.util.ArrayList.forEach(ArrayList.java:1511)
... Removed 30 stack frames]]>
    </failure>
  </testcase> <!-- @BeforeClass setup -->
  <testcase classname="com.example.base.BaseTest" name="@AfterClass tearDown" time="0.0">
    <skipped/>
  </testcase> <!-- @AfterClass tearDown -->
  <testcase classname="com.example.testcases.LoginTest" name="testValidLogin" time="0.0">
    <skipped/>
  </testcase> <!-- testValidLogin -->
</testsuite> <!-- Surefire test -->
